#
# There is insufficient memory for the Java Runtime Environment to continue.
# Native memory allocation (mmap) failed to map 266338304 bytes for Failed to commit area from 0x0000000702200000 to 0x0000000712000000 of length 266338304.
# Possible reasons:
#   The system is out of physical RAM or swap space
#   The process is running with CompressedOops enabled, and the Java Heap may be blocking the growth of the native heap
# Possible solutions:
#   Reduce memory load on the system
#   Increase physical memory or swap space
#   Check if swap backing store is full
#   Decrease Java heap size (-Xmx/-Xms)
#   Decrease number of Java threads
#   Decrease Java thread stack sizes (-Xss)
#   Set larger code cache with -XX:ReservedCodeCacheSize=
# This output file may be truncated or incomplete.
#
#  Out of Memory Error (./open/src/hotspot/os/windows/os_windows.cpp:3273), pid=7192, tid=8740
#
# JRE version:  (11.0.12+8) (build )
# Java VM: Java HotSpot(TM) 64-Bit Server VM (11.0.12+8-LTS-237, mixed mode, sharing, tiered, compressed oops, g1 gc, windows-amd64)
# No core dump will be written. Minidumps are not enabled by default on client versions of Windows
#

---------------  S U M M A R Y ------------

Command Line: -javaagent:C:\Program Files\JetBrains\IntelliJ IDEA Community Edition 2022.2.1\lib\idea_rt.jar=58924:C:\Program Files\JetBrains\IntelliJ IDEA Community Edition 2022.2.1\bin -Dfile.encoding=UTF-8 day06_PrimitiveTypeCastings.PrimitiveCastings

Host: Intel(R) Core(TM) i7-8650U CPU @ 1.90GHz, 8 cores, 15G,  Windows 10 , 64 bit Build 19041 (10.0.19041.1889)
Time: Mon Sep 19 18:00:15 2022 W. Europe Daylight Time elapsed time: 0.023806 seconds (0d 0h 0m 0s)

---------------  T H R E A D  ---------------

Current thread (0x0000025c38e06800):  JavaThread "Unknown thread" [_thread_in_vm, id=8740, stack(0x000000db57900000,0x000000db57a00000)]

Stack: [0x000000db57900000,0x000000db57a00000]
Native frames: (J=compiled Java code, j=interpreted, Vv=VM code, C=native code)
V  [jvm.dll+0x617d9a]
V  [jvm.dll+0x74eeef]
V  [jvm.dll+0x750599]
V  [jvm.dll+0x750c23]
V  [jvm.dll+0x2438d8]
V  [jvm.dll+0x61518a]
V  [jvm.dll+0x609f45]
V  [jvm.dll+0x2f85cc]
V  [jvm.dll+0x2f8452]
V  [jvm.dll+0x2fd106]
V  [jvm.dll+0x33f6ef]
V  [jvm.dll+0x33f120]
V  [jvm.dll+0x2d5ca8]
V  [jvm.dll+0x2d6e06]
V  [jvm.dll+0x72a977]
V  [jvm.dll+0x72c21f]
V  [jvm.dll+0x34c469]
V  [jvm.dll+0x710400]
V  [jvm.dll+0x3b5baf]
V  [jvm.dll+0x3b7cb1]
C  [jli.dll+0x520b]
C  [ucrtbase.dll+0x21bb2]
C  [KERNEL32.DLL+0x17034]
C  [ntdll.dll+0x526a1]


---------------  P R O C E S S  ---------------

Threads class SMR info:
_java_thread_list=0x0000025c36c30760, length=0, elements={
}

Java Threads: ( => current thread )

Other Threads:
  0x0000025c38e1c000 GCTaskThread "GC Thread#0" [stack: 0x000000db57a00000,0x000000db57b00000] [id=6380]
  0x0000025c38e79000 ConcurrentGCThread "G1 Main Marker" [stack: 0x000000db57b00000,0x000000db57c00000] [id=9480]
  0x0000025c38e7b000 ConcurrentGCThread "G1 Conc#0" [stack: 0x000000db57c00000,0x000000db57d00000] [id=14600]

[error occurred during error reporting (printing all threads), id 0xc0000005, EXCEPTION_ACCESS_VIOLATION (0xc0000005) at pc=0x00007ffa88fd4f37]

VM state:not at safepoint (not fully initialized)

VM Mutex/Monitor currently owned by a thread:  ([mutex/lock_event])
[0x0000025c38e05ae0] Heap_lock - owner thread: 0x0000025c38e06800

Heap address: 0x0000000702200000, size: 4062 MB, Compressed Oops mode: Non-zero based: 0x0000000702200000
Narrow klass base: 0x0000000000000000, Narrow klass shift: 0

GC Heap History (0 events):
No events

Deoptimization events (0 events):
No events

Classes redefined (0 events):
No events

Internal exceptions (0 events):
No events

Events (0 events):
No events


Dynamic libraries:
0x00007ff688690000 - 0x00007ff68869f000 	C:\Program Files\Java\jdk-11.0.12\bin\java.exe
0x00007ffada7b0000 - 0x00007ffada9a8000 	C:\Windows\SYSTEM32\ntdll.dll
0x00007ffada5e0000 - 0x00007ffada69d000 	C:\Windows\System32\KERNEL32.DLL
0x00007ffad8210000 - 0x00007ffad84de000 	C:\Windows\System32\KERNELBASE.dll
0x00007ffad8110000 - 0x00007ffad8210000 	C:\Windows\System32\ucrtbase.dll
0x00007ffaceeb0000 - 0x00007ffaceec5000 	C:\Program Files\Java\jdk-11.0.12\bin\VCRUNTIME140.dll
0x00007ffabad70000 - 0x00007ffabad88000 	C:\Program Files\Java\jdk-11.0.12\bin\jli.dll
0x00007ffada370000 - 0x00007ffada41e000 	C:\Windows\System32\ADVAPI32.dll
0x00007ffada6a0000 - 0x00007ffada73e000 	C:\Windows\System32\msvcrt.dll
0x00007ffad9030000 - 0x00007ffad90cc000 	C:\Windows\System32\sechost.dll
0x00007ffad96c0000 - 0x00007ffad97e5000 	C:\Windows\System32\RPCRT4.dll
0x00007ffad9fb0000 - 0x00007ffada150000 	C:\Windows\System32\USER32.dll
0x00007ffac18c0000 - 0x00007ffac1b5a000 	C:\Windows\WinSxS\amd64_microsoft.windows.common-controls_6595b64144ccf1df_6.0.19041.1110_none_60b5254171f9507e\COMCTL32.dll
0x00007ffad87e0000 - 0x00007ffad8802000 	C:\Windows\System32\win32u.dll
0x00007ffad9690000 - 0x00007ffad96ba000 	C:\Windows\System32\GDI32.dll
0x00007ffad8000000 - 0x00007ffad810b000 	C:\Windows\System32\gdi32full.dll
0x00007ffad86b0000 - 0x00007ffad874d000 	C:\Windows\System32\msvcp_win.dll
0x00007ffad53e0000 - 0x00007ffad53ea000 	C:\Windows\SYSTEM32\VERSION.dll
0x00007ffada740000 - 0x00007ffada770000 	C:\Windows\System32\IMM32.DLL
0x00007ffa95ba0000 - 0x00007ffa95c3b000 	C:\Program Files\Java\jdk-11.0.12\bin\msvcp140.dll
0x00007ffa88cf0000 - 0x00007ffa897ef000 	C:\Program Files\Java\jdk-11.0.12\bin\server\jvm.dll
0x00007ffad90d0000 - 0x00007ffad90d8000 	C:\Windows\System32\PSAPI.DLL
0x00007ffac1690000 - 0x00007ffac1699000 	C:\Windows\SYSTEM32\WSOCK32.dll
0x00007ffac1b60000 - 0x00007ffac1b87000 	C:\Windows\SYSTEM32\WINMM.dll
0x00007ffada150000 - 0x00007ffada1bb000 	C:\Windows\System32\WS2_32.dll
0x00007ffad6750000 - 0x00007ffad6762000 	C:\Windows\SYSTEM32\kernel.appcore.dll
0x00007ffad2e10000 - 0x00007ffad2e20000 	C:\Program Files\Java\jdk-11.0.12\bin\verify.dll
0x00007ffad5cb0000 - 0x00007ffad5e94000 	C:\Windows\SYSTEM32\DBGHELP.DLL
0x00007ffad1200000 - 0x00007ffad122c000 	C:\Windows\SYSTEM32\dbgcore.DLL
0x00007ffad8750000 - 0x00007ffad87d2000 	C:\Windows\System32\bcryptPrimitives.dll
0x00007ffabad40000 - 0x00007ffabad68000 	C:\Program Files\Java\jdk-11.0.12\bin\java.dll
0x00007ffad2b10000 - 0x00007ffad2b1a000 	C:\Program Files\Java\jdk-11.0.12\bin\jimage.dll
0x00007ffad25b0000 - 0x00007ffad25be000 	C:\Program Files\Java\jdk-11.0.12\bin\instrument.dll
0x00007ffabad20000 - 0x00007ffabad36000 	C:\Program Files\Java\jdk-11.0.12\bin\zip.dll

dbghelp: loaded successfully - version: 4.0.5 - missing functions: none
symbol engine: initialized successfully - sym options: 0x614 - pdb path: .;C:\Program Files\Java\jdk-11.0.12\bin;C:\Windows\SYSTEM32;C:\Windows\WinSxS\amd64_microsoft.windows.common-controls_6595b64144ccf1df_6.0.19041.1110_none_60b5254171f9507e;C:\Program Files\Java\jdk-11.0.12\bin\server

VM Arguments:
jvm_args: -javaagent:C:\Program Files\JetBrains\IntelliJ IDEA Community Edition 2022.2.1\lib\idea_rt.jar=58924:C:\Program Files\JetBrains\IntelliJ IDEA Community Edition 2022.2.1\bin -Dfile.encoding=UTF-8 
java_command: day06_PrimitiveTypeCastings.PrimitiveCastings
java_class_path (initial): C:\Users\Kerem\IdeaProjects\JavaProgramming\out\production\JavaProgramming
Launcher Type: SUN_STANDARD

[Global flags]
     intx CICompilerCount                          = 4                                         {product} {ergonomic}
     uint ConcGCThreads                            = 2                                         {product} {ergonomic}
     uint G1ConcRefinementThreads                  = 8                                         {product} {ergonomic}
   size_t G1HeapRegionSize                         = 1048576                                   {product} {ergonomic}
    uintx GCDrainStackTargetSize                   = 64                                        {product} {ergonomic}
   size_t InitialHeapSize                          = 266338304                                 {product} {ergonomic}
   size_t MarkStackSize                            = 4194304                                   {product} {ergonomic}
   size_t MaxHeapSize                              = 4259315712                                {product} {ergonomic}
   size_t MinHeapDeltaBytes                        = 1048576                                   {product} {ergonomic}
    uintx NonNMethodCodeHeapSize                   = 5836300                                {pd product} {ergonomic}
    uintx NonProfiledCodeHeapSize                  = 122910970                              {pd product} {ergonomic}
    uintx ProfiledCodeHeapSize                     = 122910970                              {pd product} {ergonomic}
    uintx ReservedCodeCacheSize                    = 251658240                              {pd product} {ergonomic}
     bool SegmentedCodeCache                       = true                                      {product} {ergonomic}
     bool UseCompressedClassPointers               = true                                 {lp64_product} {ergonomic}
     bool UseCompressedOops                        = true                                 {lp64_product} {ergonomic}
     bool UseG1GC                                  = true                                      {product} {ergonomic}
     bool UseLargePagesIndividualAllocation        = false                                  {pd product} {ergonomic}

Logging:
Log output configuration:
 #0: stdout all=warning uptime,level,tags
 #1: stderr all=off uptime,level,tags

Environment Variables:
JAVA_HOME=C:\Program Files\Java\jdk-11.0.12
PATH=C:\Program Files\Common Files\Oracle\Java\javapath;C:\Windows\system32;C:\Windows;C:\Windows\System32\Wbem;C:\Windows\System32\WindowsPowerShell\v1.0\;C:\Windows\System32\OpenSSH\;C:\Program Files\dotnet\;C:\Program Files (x86)\Intel\Intel(R) Management Engine Components\DAL;C:\Program Files\Intel\Intel(R) Management Engine Components\DAL;C:\Program Files\Java\jdk-11.0.12\bin;C:\Users\Kerem\AppData\Local\Microsoft\WindowsApps;;C:\Users\Kerem\AppData\Local\JetBrains\Toolbox\scripts
USERNAME=Kerem
OS=Windows_NT
PROCESSOR_IDENTIFIER=Intel64 Family 6 Model 142 Stepping 10, GenuineIntel



---------------  S Y S T E M  ---------------

OS: Windows 10 , 64 bit Build 19041 (10.0.19041.1889)

CPU:total 8 (initial active 8) (4 cores per cpu, 2 threads per core) family 6 model 142 stepping 10 microcode 0xf0, cmov, cx8, fxsr, mmx, sse, sse2, sse3, ssse3, sse4.1, sse4.2, popcnt, avx, avx2, aes, clmul, erms, rtm, 3dnowpref, lzcnt, ht, tsc, tscinvbit, bmi1, bmi2, adx, fma

Memory: 4k page, system-wide physical 16242M (333M free)
TotalPageFile size 65394M (AvailPageFile size 117M)
current process WorkingSet (physical memory assigned to process): 10M, peak: 10M
current process commit charge ("private bytes"): 60M, peak: 314M

vm_info: Java HotSpot(TM) 64-Bit Server VM (11.0.12+8-LTS-237) for windows-amd64 JRE (11.0.12+8-LTS-237), built on Jun  8 2021 11:25:59 by "mach5one" with MS VC++ 15.9 (VS2017)

END.
